Instanciador iniciado correctamente
-------------------- - 
Se realiza login de manera correcta
Se accede correctamente a Gestión de Cliente
Se accede correctamente a la sección Mis Ofertas lyntia
Nueva Oferta creada correctamente
Se han introducido correctamente los campos de la Oferta: CRM_POF0002, CLIENTE INTEGRACION, Nuevo servicio, # BizQA.
La Oferta se guarda correctamente.
No se añaden correctamente los datos del Producto: Fibra oscura, Backbone y OTT, 1 Gbps
-------------------- - 
-------------------- - 
Excepción: OpenQA.Selenium.WebDriverTimeoutException: Timed out after 45 seconds
 ---> OpenQA.Selenium.NoSuchElementException: no such element: Unable to locate element: {"method":"css selector","selector":"li[aria-label*='Fibra oscura']"}
  (Session info: chrome=107.0.5304.107)
   at OpenQA.Selenium.WebDriver.UnpackAndThrowOnError(Response errorResponse, String commandToExecute)
   at OpenQA.Selenium.WebDriver.Execute(String driverCommandToExecute, Dictionary`2 parameters)
   at OpenQA.Selenium.WebDriver.FindElement(String mechanism, String value)
   at OpenQA.Selenium.By.<.ctor>b__11_0(ISearchContext context)
   at OpenQA.Selenium.By.FindElement(ISearchContext context)
   at OpenQA.Selenium.WebDriver.FindElement(By by)
   at OpenQA.Selenium.Support.UI.DefaultWait`1.Until[TResult](Func`2 condition, CancellationToken token)
   --- End of inner exception stack trace ---
   at OpenQA.Selenium.Support.UI.DefaultWait`1.ThrowTimeoutException(String exceptionMessage, Exception lastException)
   at OpenQA.Selenium.Support.UI.DefaultWait`1.Until[TResult](Func`2 condition, CancellationToken token)
   at OpenQA.Selenium.Support.UI.DefaultWait`1.Until[TResult](Func`2 condition)
   at Lyntia.TestSet.Actions.CommonActions.seleccionarDesplegable(String textoBusqueda) in C:\Users\GUILLEM.MAGRIÑA.EXT\source\repos\Lyntia-automation\Lyntia\TestSet\Actions\CommonActions.cs:line 194
   at Lyntia.TestSet.Actions.CommonActions.rellenarCampoConDesplegable(String elementoKey, String text) in C:\Users\GUILLEM.MAGRIÑA.EXT\source\repos\Lyntia-automation\Lyntia\TestSet\Actions\CommonActions.cs:line 170
   at Lyntia.TestSet.Actions.ProductoActions.CreacionProducto(Dictionary`2 datosRepositorio) in C:\Users\GUILLEM.MAGRIÑA.EXT\source\repos\Lyntia-automation\Lyntia\TestSet\Actions\ProductoActions.cs:line 42
